<?xml version="1.0" encoding="UTF-8"?>
<!-- Generated by org.testng.reporters.JUnitXMLReporter -->
<testsuite hostname="God-PC" ignored="0" name="Command line test" tests="2" failures="1" timestamp="08 May 2020 21:08:02 GMT" time="77.086" errors="0">
  <testcase name="loginTestFail" time="15.735" classname="reports.TestExtentReport">
    <failure type="java.lang.AssertionError" message="expected [true] but found [false]">
      <![CDATA[java.lang.AssertionError: expected [true] but found [false]
	at reports.TestExtentReport.loginTestFail(TestExtentReport.java:67)
... Removed 38 stack frames]]>
    </failure>
  </testcase> <!-- loginTestFail -->
  <testcase name="loginTestPass" time="1.448" classname="reports.TestExtentReport"/>
</testsuite> <!-- Command line test -->
