<?xml version="1.0" encoding="UTF-8" ?>
<testsuite tests="2" failures="1" name="reports.TestExtentReport" time="17.294" errors="0" skipped="0">
  <properties>
[...]
</properties>
  <testcase classname="reports.TestExtentReport" name="loginTestFail" time="15.845">
    <failure message="expected [true] but found [false]" type="java.lang.AssertionError">java.lang.AssertionError: expected [true] but found [false]
	at org.testng.Assert.fail(Assert.java:94)
	at org.testng.Assert.failNotEquals(Assert.java:513)
	at org.testng.Assert.assertTrue(Assert.java:42)
	at org.testng.Assert.assertTrue(Assert.java:52)
	at reports.TestExtentReport.loginTestFail(TestExtentReport.java:67)
</failure>
    <system-out>Configuring TestNG with: org.apache.maven.surefire.testng.conf.TestNG652Configurator@175e2db
title is Google
</system-out>
    <system-err>Starting ChromeDriver 80.0.3987.106 (f68069574609230cf9b635cd784cfb1bf81bb53a-refs/branch-heads/3987@{#882}) on port 23696
Only local connections are allowed.
Please protect ports used by ChromeDriver and related test frameworks to prevent access by malicious code.
[1588972022.422][WARNING]: This version of ChromeDriver has not been tested with Chrome version 81.
May 08, 2020 11:07:42 PM org.openqa.selenium.remote.ProtocolHandshake createSession
INFO: Detected dialect: W3C
[1588972077.122][SEVERE]: Timed out receiving message from renderer: 0.100
[1588972077.379][SEVERE]: Timed out receiving message from renderer: 0.100
[1588972077.601][SEVERE]: Timed out receiving message from renderer: 0.100
[1588972077.960][SEVERE]: Timed out receiving message from renderer: 0.100
[1588972078.127][SEVERE]: Timed out receiving message from renderer: 0.100
[1588972078.465][SEVERE]: Timed out receiving message from renderer: 0.100
</system-err>
  </testcase>
  <testcase classname="reports.TestExtentReport" name="loginTestPass" time="1.449"/>
</testsuite>